{"contracts/DEX.sol":{"l":{"88":75,"89":75,"90":75,"105":24,"107":23,"108":23,"110":23,"111":22,"113":1,"119":23,"121":23,"122":23,"124":23,"125":23,"127":23,"139":5,"140":5,"142":3,"143":3,"145":3,"146":3,"148":3,"149":3,"151":3,"152":3,"154":3,"169":13,"171":12,"172":12,"174":12,"178":12,"180":12,"183":12,"187":12,"189":12,"191":12,"192":10,"193":10,"195":2,"196":2,"199":12,"201":12,"210":1,"217":22,"218":21,"219":21,"220":21,"221":1522,"222":1522,"225":1},"path":"/app/contracts/DEX.sol","s":{"1":75,"2":24,"3":23,"4":23,"5":23,"6":23,"7":23,"8":5,"9":5,"10":3,"11":3,"12":3,"13":13,"14":12,"15":12,"16":12,"17":12,"18":12,"19":12,"20":12,"21":12,"22":12,"23":12,"24":1,"25":22,"26":21,"27":21,"28":1},"b":{"1":[75,0],"2":[23,1],"3":[22,1],"4":[23,0],"5":[5,0],"6":[3,2],"7":[12,1],"8":[12,0],"9":[10,2],"10":[10,2],"11":[12,0],"12":[10,2],"13":[10,2],"14":[0,1],"15":[21,1],"16":[1,0]},"f":{"1":75,"2":24,"3":5,"4":13,"5":1,"6":22},"fnMap":{"1":{"name":"constructor","line":87,"loc":{"start":{"line":87,"column":4},"end":{"line":91,"column":4}}},"2":{"name":"addLiquidity","line":101,"loc":{"start":{"line":101,"column":4},"end":{"line":128,"column":4}}},"3":{"name":"removeLiquidity","line":136,"loc":{"start":{"line":136,"column":4},"end":{"line":155,"column":4}}},"4":{"name":"swap","line":165,"loc":{"start":{"line":165,"column":4},"end":{"line":202,"column":4}}},"5":{"name":"_min","line":209,"loc":{"start":{"line":209,"column":4},"end":{"line":211,"column":4}}},"6":{"name":"_sqrt","line":216,"loc":{"start":{"line":216,"column":4},"end":{"line":227,"column":4}}}},"statementMap":{"1":{"start":{"line":88,"column":8},"end":{"line":88,"column":48}},"2":{"start":{"line":105,"column":8},"end":{"line":105,"column":60}},"3":{"start":{"line":107,"column":8},"end":{"line":107,"column":70}},"4":{"start":{"line":108,"column":8},"end":{"line":108,"column":70}},"5":{"start":{"line":110,"column":8},"end":{"line":110,"column":3292}},"6":{"start":{"line":119,"column":8},"end":{"line":119,"column":46}},"7":{"start":{"line":127,"column":8},"end":{"line":127,"column":74}},"8":{"start":{"line":139,"column":8},"end":{"line":139,"column":48}},"9":{"start":{"line":140,"column":8},"end":{"line":140,"column":73}},"10":{"start":{"line":151,"column":8},"end":{"line":151,"column":51}},"11":{"start":{"line":152,"column":8},"end":{"line":152,"column":51}},"12":{"start":{"line":154,"column":8},"end":{"line":154,"column":76}},"13":{"start":{"line":169,"column":8},"end":{"line":169,"column":41}},"14":{"start":{"line":171,"column":8},"end":{"line":171,"column":39}},"15":{"start":{"line":172,"column":8},"end":{"line":172,"column":60}},"16":{"start":{"line":174,"column":8},"end":{"line":174,"column":5414}},"17":{"start":{"line":178,"column":8},"end":{"line":178,"column":72}},"18":{"start":{"line":180,"column":8},"end":{"line":180,"column":5647}},"19":{"start":{"line":187,"column":8},"end":{"line":187,"column":44}},"20":{"start":{"line":189,"column":8},"end":{"line":189,"column":51}},"21":{"start":{"line":191,"column":8},"end":{"line":191,"column":5914}},"22":{"start":{"line":199,"column":8},"end":{"line":199,"column":55}},"23":{"start":{"line":201,"column":8},"end":{"line":201,"column":69}},"24":{"start":{"line":210,"column":8},"end":{"line":210,"column":28}},"25":{"start":{"line":217,"column":8},"end":{"line":217,"column":6627}},"26":{"start":{"line":219,"column":12},"end":{"line":219,"column":33}},"27":{"start":{"line":220,"column":12},"end":{"line":220,"column":6713}},"28":{"start":{"line":224,"column":15},"end":{"line":224,"column":6818}}},"branchMap":{"1":{"line":88,"type":"if","locations":[{"start":{"line":88,"column":8},"end":{"line":88,"column":8}},{"start":{"line":88,"column":8},"end":{"line":88,"column":8}}]},"2":{"line":105,"type":"if","locations":[{"start":{"line":105,"column":8},"end":{"line":105,"column":8}},{"start":{"line":105,"column":8},"end":{"line":105,"column":8}}]},"3":{"line":110,"type":"if","locations":[{"start":{"line":110,"column":8},"end":{"line":110,"column":8}},{"start":{"line":110,"column":8},"end":{"line":110,"column":8}}]},"4":{"line":119,"type":"if","locations":[{"start":{"line":119,"column":8},"end":{"line":119,"column":8}},{"start":{"line":119,"column":8},"end":{"line":119,"column":8}}]},"5":{"line":139,"type":"if","locations":[{"start":{"line":139,"column":8},"end":{"line":139,"column":8}},{"start":{"line":139,"column":8},"end":{"line":139,"column":8}}]},"6":{"line":140,"type":"if","locations":[{"start":{"line":140,"column":8},"end":{"line":140,"column":8}},{"start":{"line":140,"column":8},"end":{"line":140,"column":8}}]},"7":{"line":169,"type":"if","locations":[{"start":{"line":169,"column":8},"end":{"line":169,"column":8}},{"start":{"line":169,"column":8},"end":{"line":169,"column":8}}]},"8":{"line":172,"type":"if","locations":[{"start":{"line":172,"column":8},"end":{"line":172,"column":8}},{"start":{"line":172,"column":8},"end":{"line":172,"column":8}}]},"9":{"line":172,"type":"cond-expr","locations":[{"start":{"line":172,"column":16},"end":{"line":172,"column":21}},{"start":{"line":172,"column":26},"end":{"line":172,"column":42}}]},"10":{"line":175,"type":"if","locations":[{"start":{"line":175,"column":14},"end":{"line":175,"column":33}},{"start":{"line":176,"column":14},"end":{"line":176,"column":33}}]},"11":{"line":187,"type":"if","locations":[{"start":{"line":187,"column":8},"end":{"line":187,"column":8}},{"start":{"line":187,"column":8},"end":{"line":187,"column":8}}]},"12":{"line":189,"type":"if","locations":[{"start":{"line":189,"column":36},"end":{"line":189,"column":41}},{"start":{"line":189,"column":45},"end":{"line":189,"column":50}}]},"13":{"line":191,"type":"if","locations":[{"start":{"line":191,"column":8},"end":{"line":191,"column":8}},{"start":{"line":191,"column":8},"end":{"line":191,"column":8}}]},"14":{"line":210,"type":"if","locations":[{"start":{"line":210,"column":23},"end":{"line":210,"column":23}},{"start":{"line":210,"column":27},"end":{"line":210,"column":27}}]},"15":{"line":217,"type":"if","locations":[{"start":{"line":217,"column":8},"end":{"line":217,"column":8}},{"start":{"line":217,"column":8},"end":{"line":217,"column":8}}]},"16":{"line":224,"type":"if","locations":[{"start":{"line":224,"column":15},"end":{"line":224,"column":15}},{"start":{"line":224,"column":15},"end":{"line":224,"column":15}}]}}},"contracts/MockERC20.sol":{"l":{"10":147,"14":1},"path":"/app/contracts/MockERC20.sol","s":{"1":147,"2":1},"b":{},"f":{"1":147,"2":1},"fnMap":{"1":{"name":"constructor","line":8,"loc":{"start":{"line":7,"column":4},"end":{"line":11,"column":4}}},"2":{"name":"mint","line":13,"loc":{"start":{"line":13,"column":4},"end":{"line":15,"column":4}}}},"statementMap":{"1":{"start":{"line":10,"column":8},"end":{"line":10,"column":46}},"2":{"start":{"line":14,"column":8},"end":{"line":14,"column":24}}},"branchMap":{}}}