{"contracts\\DEX.sol":{"l":{"42":75,"43":75,"44":75,"53":24,"55":23,"56":23,"58":23,"59":22,"61":1,"67":23,"69":23,"70":23,"72":23,"73":23,"75":23,"82":5,"83":5,"85":3,"86":3,"88":3,"89":3,"91":3,"92":3,"94":3,"95":3,"97":3,"106":13,"108":12,"109":12,"111":12,"115":12,"117":12,"120":12,"124":12,"126":12,"128":12,"129":10,"130":10,"132":2,"133":2,"136":12,"138":12,"144":1,"148":22,"149":21,"150":21,"151":21,"152":1522,"153":1522,"156":1},"path":"C:\\Users\\lahar\\OneDrive\\Desktop\\dex-amm\\contracts\\DEX.sol","s":{"1":75,"2":24,"3":23,"4":23,"5":23,"6":23,"7":23,"8":5,"9":5,"10":3,"11":3,"12":3,"13":13,"14":12,"15":12,"16":12,"17":12,"18":12,"19":12,"20":12,"21":12,"22":12,"23":12,"24":1,"25":22,"26":21,"27":21,"28":1},"b":{"1":[75,0],"2":[23,1],"3":[22,1],"4":[23,0],"5":[5,0],"6":[3,2],"7":[12,1],"8":[12,0],"9":[10,2],"10":[10,2],"11":[12,0],"12":[10,2],"13":[10,2],"14":[0,1],"15":[21,1],"16":[1,0]},"f":{"1":75,"2":24,"3":5,"4":13,"5":1,"6":22},"fnMap":{"1":{"name":"constructor","line":41,"loc":{"start":{"line":41,"column":4},"end":{"line":45,"column":4}}},"2":{"name":"addLiquidity","line":49,"loc":{"start":{"line":49,"column":4},"end":{"line":76,"column":4}}},"3":{"name":"removeLiquidity","line":78,"loc":{"start":{"line":78,"column":4},"end":{"line":98,"column":4}}},"4":{"name":"swap","line":102,"loc":{"start":{"line":102,"column":4},"end":{"line":139,"column":4}}},"5":{"name":"_min","line":143,"loc":{"start":{"line":143,"column":4},"end":{"line":145,"column":4}}},"6":{"name":"_sqrt","line":147,"loc":{"start":{"line":147,"column":4},"end":{"line":158,"column":4}}}},"statementMap":{"1":{"start":{"line":42,"column":8},"end":{"line":42,"column":48}},"2":{"start":{"line":53,"column":8},"end":{"line":53,"column":60}},"3":{"start":{"line":55,"column":8},"end":{"line":55,"column":70}},"4":{"start":{"line":56,"column":8},"end":{"line":56,"column":70}},"5":{"start":{"line":58,"column":8},"end":{"line":58,"column":1538}},"6":{"start":{"line":67,"column":8},"end":{"line":67,"column":46}},"7":{"start":{"line":75,"column":8},"end":{"line":75,"column":74}},"8":{"start":{"line":82,"column":8},"end":{"line":82,"column":48}},"9":{"start":{"line":83,"column":8},"end":{"line":83,"column":73}},"10":{"start":{"line":94,"column":8},"end":{"line":94,"column":51}},"11":{"start":{"line":95,"column":8},"end":{"line":95,"column":51}},"12":{"start":{"line":97,"column":8},"end":{"line":97,"column":76}},"13":{"start":{"line":106,"column":8},"end":{"line":106,"column":41}},"14":{"start":{"line":108,"column":8},"end":{"line":108,"column":39}},"15":{"start":{"line":109,"column":8},"end":{"line":109,"column":60}},"16":{"start":{"line":111,"column":8},"end":{"line":111,"column":3231}},"17":{"start":{"line":115,"column":8},"end":{"line":115,"column":72}},"18":{"start":{"line":117,"column":8},"end":{"line":117,"column":3464}},"19":{"start":{"line":124,"column":8},"end":{"line":124,"column":44}},"20":{"start":{"line":126,"column":8},"end":{"line":126,"column":51}},"21":{"start":{"line":128,"column":8},"end":{"line":128,"column":3731}},"22":{"start":{"line":136,"column":8},"end":{"line":136,"column":55}},"23":{"start":{"line":138,"column":8},"end":{"line":138,"column":69}},"24":{"start":{"line":144,"column":8},"end":{"line":144,"column":28}},"25":{"start":{"line":148,"column":8},"end":{"line":148,"column":4306}},"26":{"start":{"line":150,"column":12},"end":{"line":150,"column":33}},"27":{"start":{"line":151,"column":12},"end":{"line":151,"column":4392}},"28":{"start":{"line":155,"column":15},"end":{"line":155,"column":4497}}},"branchMap":{"1":{"line":42,"type":"if","locations":[{"start":{"line":42,"column":8},"end":{"line":42,"column":8}},{"start":{"line":42,"column":8},"end":{"line":42,"column":8}}]},"2":{"line":53,"type":"if","locations":[{"start":{"line":53,"column":8},"end":{"line":53,"column":8}},{"start":{"line":53,"column":8},"end":{"line":53,"column":8}}]},"3":{"line":58,"type":"if","locations":[{"start":{"line":58,"column":8},"end":{"line":58,"column":8}},{"start":{"line":58,"column":8},"end":{"line":58,"column":8}}]},"4":{"line":67,"type":"if","locations":[{"start":{"line":67,"column":8},"end":{"line":67,"column":8}},{"start":{"line":67,"column":8},"end":{"line":67,"column":8}}]},"5":{"line":82,"type":"if","locations":[{"start":{"line":82,"column":8},"end":{"line":82,"column":8}},{"start":{"line":82,"column":8},"end":{"line":82,"column":8}}]},"6":{"line":83,"type":"if","locations":[{"start":{"line":83,"column":8},"end":{"line":83,"column":8}},{"start":{"line":83,"column":8},"end":{"line":83,"column":8}}]},"7":{"line":106,"type":"if","locations":[{"start":{"line":106,"column":8},"end":{"line":106,"column":8}},{"start":{"line":106,"column":8},"end":{"line":106,"column":8}}]},"8":{"line":109,"type":"if","locations":[{"start":{"line":109,"column":8},"end":{"line":109,"column":8}},{"start":{"line":109,"column":8},"end":{"line":109,"column":8}}]},"9":{"line":109,"type":"cond-expr","locations":[{"start":{"line":109,"column":16},"end":{"line":109,"column":21}},{"start":{"line":109,"column":26},"end":{"line":109,"column":42}}]},"10":{"line":112,"type":"if","locations":[{"start":{"line":112,"column":14},"end":{"line":112,"column":33}},{"start":{"line":113,"column":14},"end":{"line":113,"column":33}}]},"11":{"line":124,"type":"if","locations":[{"start":{"line":124,"column":8},"end":{"line":124,"column":8}},{"start":{"line":124,"column":8},"end":{"line":124,"column":8}}]},"12":{"line":126,"type":"if","locations":[{"start":{"line":126,"column":36},"end":{"line":126,"column":41}},{"start":{"line":126,"column":45},"end":{"line":126,"column":50}}]},"13":{"line":128,"type":"if","locations":[{"start":{"line":128,"column":8},"end":{"line":128,"column":8}},{"start":{"line":128,"column":8},"end":{"line":128,"column":8}}]},"14":{"line":144,"type":"if","locations":[{"start":{"line":144,"column":23},"end":{"line":144,"column":23}},{"start":{"line":144,"column":27},"end":{"line":144,"column":27}}]},"15":{"line":148,"type":"if","locations":[{"start":{"line":148,"column":8},"end":{"line":148,"column":8}},{"start":{"line":148,"column":8},"end":{"line":148,"column":8}}]},"16":{"line":155,"type":"if","locations":[{"start":{"line":155,"column":15},"end":{"line":155,"column":15}},{"start":{"line":155,"column":15},"end":{"line":155,"column":15}}]}}},"contracts\\MockERC20.sol":{"l":{"10":147,"14":1},"path":"C:\\Users\\lahar\\OneDrive\\Desktop\\dex-amm\\contracts\\MockERC20.sol","s":{"1":147,"2":1},"b":{},"f":{"1":147,"2":1},"fnMap":{"1":{"name":"constructor","line":8,"loc":{"start":{"line":7,"column":4},"end":{"line":11,"column":4}}},"2":{"name":"mint","line":13,"loc":{"start":{"line":13,"column":4},"end":{"line":15,"column":4}}}},"statementMap":{"1":{"start":{"line":10,"column":8},"end":{"line":10,"column":46}},"2":{"start":{"line":14,"column":8},"end":{"line":14,"column":24}}},"branchMap":{}}}